:~/vagrant$ VAGRANT_VAGRANTFILE=Vagrantfile.kubernetes.bastion vagrant up
Bringing machine 'kmaster' up with 'virtualbox' provider...
==> kmaster: Importing base box 'hashicorp/bionic64'...
==> kmaster: Matching MAC address for NAT networking...
==> kmaster: Checking if box 'hashicorp/bionic64' version '1.0.282' is up to date...
==> kmaster: Setting the name of the VM: kmaster
==> kmaster: Clearing any previously set network interfaces...
==> kmaster: Preparing network interfaces based on configuration...
    kmaster: Adapter 1: nat
    kmaster: Adapter 2: hostonly
    kmaster: Adapter 3: intnet
    kmaster: Adapter 4: intnet
==> kmaster: Forwarding ports...
    kmaster: 30443 (guest) => 30443 (host) (adapter 1)
    kmaster: 22 (guest) => 2222 (host) (adapter 1)
==> kmaster: Running 'pre-boot' VM customizations...
==> kmaster: Booting VM...
==> kmaster: Waiting for machine to boot. This may take a few minutes...
    kmaster: SSH address: 127.0.0.1:2222
    kmaster: SSH username: vagrant
    kmaster: SSH auth method: private key
    kmaster: 
    kmaster: Vagrant insecure key detected. Vagrant will automatically replace
    kmaster: this with a newly generated keypair for better security.
    kmaster: 
    kmaster: Inserting generated public key within guest...
    kmaster: Removing insecure key from the guest if it's present...
    kmaster: Key inserted! Disconnecting and reconnecting using new SSH key...
==> kmaster: Machine booted and ready!
==> kmaster: Checking for guest additions in VM...
    kmaster: The guest additions on this VM do not match the installed version of
    kmaster: VirtualBox! In most cases this is fine, but in rare cases it can
    kmaster: prevent things such as shared folders from working properly. If you see
    kmaster: shared folder errors, please make sure the guest additions within the
    kmaster: virtual machine match the version of VirtualBox you have installed on
    kmaster: your host and reload your VM.
    kmaster: 
    kmaster: Guest Additions Version: 6.0.10
    kmaster: VirtualBox Version: 6.1
==> kmaster: Setting hostname...
==> kmaster: Configuring and enabling network interfaces...
==> kmaster: Mounting shared folders...
    kmaster: /vagrant => /home/alex/src/vagrant
==> kmaster: Running provisioner: shell...
    kmaster: Running: /tmp/vagrant-shell20220201-141752-15jorix.sh
    kmaster: Hit:1 http://archive.ubuntu.com/ubuntu bionic InRelease
    kmaster: Get:2 http://archive.ubuntu.com/ubuntu bionic-updates InRelease [88.7 kB]
    kmaster: Get:3 http://archive.ubuntu.com/ubuntu bionic-backports InRelease [74.6 kB]
    kmaster: Get:4 http://archive.ubuntu.com/ubuntu bionic-updates/main i386 Packages [1,412 kB]
    kmaster: Get:5 http://archive.ubuntu.com/ubuntu bionic-updates/main amd64 Packages [2,397 kB]
    kmaster: Get:6 http://security.ubuntu.com/ubuntu bionic-security InRelease [88.7 kB]
    kmaster: Get:7 http://archive.ubuntu.com/ubuntu bionic-updates/main Translation-en [457 kB]
    kmaster: Get:8 http://archive.ubuntu.com/ubuntu bionic-updates/restricted amd64 Packages [615 kB]
    kmaster: Get:9 http://archive.ubuntu.com/ubuntu bionic-updates/restricted i386 Packages [29.9 kB]
    kmaster: Get:10 http://archive.ubuntu.com/ubuntu bionic-updates/restricted Translation-en [84.0 kB]
    kmaster: Get:11 http://archive.ubuntu.com/ubuntu bionic-updates/universe amd64 Packages [1,783 kB]
    kmaster: Get:12 http://archive.ubuntu.com/ubuntu bionic-updates/universe i386 Packages [1,597 kB]
    kmaster: Get:13 http://archive.ubuntu.com/ubuntu bionic-updates/universe Translation-en [386 kB]
    kmaster: Get:14 http://archive.ubuntu.com/ubuntu bionic-updates/multiverse amd64 Packages [27.2 kB]
    kmaster: Get:15 http://archive.ubuntu.com/ubuntu bionic-updates/multiverse i386 Packages [11.6 kB]
    kmaster: Get:16 http://archive.ubuntu.com/ubuntu bionic-updates/multiverse Translation-en [6,808 B]
    kmaster: Get:17 http://archive.ubuntu.com/ubuntu bionic-backports/main amd64 Packages [10.3 kB]
    kmaster: Get:18 http://archive.ubuntu.com/ubuntu bionic-backports/main i386 Packages [10.3 kB]
    kmaster: Get:19 http://archive.ubuntu.com/ubuntu bionic-backports/main Translation-en [4,824 B]
    kmaster: Get:20 http://archive.ubuntu.com/ubuntu bionic-backports/universe amd64 Packages [11.3 kB]
    kmaster: Get:21 http://archive.ubuntu.com/ubuntu bionic-backports/universe i386 Packages [11.3 kB]
    kmaster: Get:22 http://archive.ubuntu.com/ubuntu bionic-backports/universe Translation-en [5,772 B]
    kmaster: Get:23 http://security.ubuntu.com/ubuntu bionic-security/main i386 Packages [1,098 kB]
    kmaster: Get:24 http://security.ubuntu.com/ubuntu bionic-security/main amd64 Packages [2,029 kB]
    kmaster: Get:25 http://security.ubuntu.com/ubuntu bionic-security/main Translation-en [361 kB]
    kmaster: Get:26 http://security.ubuntu.com/ubuntu bionic-security/restricted i386 Packages [23.2 kB]
    kmaster: Get:27 http://security.ubuntu.com/ubuntu bionic-security/restricted amd64 Packages [572 kB]
    kmaster: Get:28 http://security.ubuntu.com/ubuntu bionic-security/restricted Translation-en [77.5 kB]
    kmaster: Get:29 http://security.ubuntu.com/ubuntu bionic-security/universe amd64 Packages [1,167 kB]
    kmaster: Get:30 http://security.ubuntu.com/ubuntu bionic-security/universe i386 Packages [1,005 kB]
    kmaster: Get:31 http://security.ubuntu.com/ubuntu bionic-security/universe Translation-en [269 kB]
    kmaster: Get:32 http://security.ubuntu.com/ubuntu bionic-security/multiverse amd64 Packages [20.9 kB]
    kmaster: Get:33 http://security.ubuntu.com/ubuntu bionic-security/multiverse i386 Packages [6,480 B]
    kmaster: Get:34 http://security.ubuntu.com/ubuntu bionic-security/multiverse Translation-en [4,732 B]
    kmaster: Fetched 15.7 MB in 3s (5,631 kB/s)
    kmaster: Reading package lists...
    kmaster: Reading package lists...
    kmaster: Building dependency tree...
    kmaster: 
    kmaster: Reading state information...
    kmaster: The following additional packages will be installed:
    kmaster:   libcurl4
    kmaster: The following packages will be upgraded:
    kmaster:   curl libcurl4
    kmaster: 2 upgraded, 0 newly installed, 0 to remove and 245 not upgraded.
    kmaster: Need to get 378 kB of archives.
    kmaster: After this operation, 16.4 kB of additional disk space will be used.
    kmaster: Get:1 http://archive.ubuntu.com/ubuntu bionic-updates/main amd64 curl amd64 7.58.0-2ubuntu3.16 [159 kB]
    kmaster: Get:2 http://archive.ubuntu.com/ubuntu bionic-updates/main amd64 libcurl4 amd64 7.58.0-2ubuntu3.16 [220 kB]
    kmaster: dpkg-preconfigure: unable to re-open stdin: No such file or directory
    kmaster: Fetched 378 kB in 0s (3,968 kB/s)
    kmaster: (Reading database ... 
(Reading database ... 60%abase ... 5%
    kmaster: (Reading database ... 65%
    kmaster: (Reading database ... 70%
    kmaster: (Reading database ... 75%
    kmaster: (Reading database ... 80%
    kmaster: (Reading database ... 85%
    kmaster: (Reading database ... 90%
    kmaster: (Reading database ... 95%
(Reading database ... 42512 files and directories currently installed.)
    kmaster: Preparing to unpack .../curl_7.58.0-2ubuntu3.16_amd64.deb ...
    kmaster: Unpacking curl (7.58.0-2ubuntu3.16) over (7.58.0-2ubuntu3.7) ...
    kmaster: Preparing to unpack .../libcurl4_7.58.0-2ubuntu3.16_amd64.deb ...
    kmaster: Unpacking libcurl4:amd64 (7.58.0-2ubuntu3.16) over (7.58.0-2ubuntu3.7) ...
    kmaster: Setting up libcurl4:amd64 (7.58.0-2ubuntu3.16) ...
    kmaster: Processing triggers for libc-bin (2.27-3ubuntu1) ...
    kmaster: Processing triggers for man-db (2.8.3-2ubuntu0.1) ...
    kmaster: Setting up curl (7.58.0-2ubuntu3.16) ...
    kmaster: install docker
    kmaster: # Executing docker install script, commit: 93d2499759296ac1f9c510605fef85052a2c32be
    kmaster: + sh -c 'apt-get update -qq >/dev/null'
    kmaster: + sh -c 'DEBIAN_FRONTEND=noninteractive apt-get install -y -qq apt-transport-https ca-certificates curl >/dev/null'
    kmaster: + sh -c 'curl -fsSL "https://download.docker.com/linux/ubuntu/gpg" | gpg --dearmor --yes -o /usr/share/keyrings/docker-archive-keyring.gpg'
    kmaster: + sh -c 'echo "deb [arch=amd64 signed-by=/usr/share/keyrings/docker-archive-keyring.gpg] https://download.docker.com/linux/ubuntu bionic stable" > /etc/apt/sources.list.d/docker.list'
    kmaster: + sh -c 'apt-get update -qq >/dev/null'
    kmaster: + sh -c 'DEBIAN_FRONTEND=noninteractive apt-get install -y -qq --no-install-recommends  docker-ce-cli docker-scan-plugin docker-ce >/dev/null'
    kmaster: + version_gte 20.10
    kmaster: + '[' -z '' ']'
    kmaster: + return 0
    kmaster: + sh -c 'DEBIAN_FRONTEND=noninteractive apt-get install -y -qq docker-ce-rootless-extras >/dev/null'
    kmaster: + sh -c 'docker version'
    kmaster: Client: Docker Engine - Community
    kmaster:  Version:           20.10.12
    kmaster:  API version:       1.41
    kmaster:  Go version:        go1.16.12
    kmaster:  Git commit:        e91ed57
    kmaster:  Built:             Mon Dec 13 11:45:27 2021
    kmaster:  OS/Arch:           linux/amd64
    kmaster:  Context:           default
    kmaster:  Experimental:      true
    kmaster: 
    kmaster: Server: Docker Engine - Community
    kmaster:  Engine:
    kmaster:   Version:          20.10.12
    kmaster:   API version:      1.41 (minimum version 1.12)
    kmaster:   Go version:       go1.16.12
    kmaster:   Git commit:       459d0df
    kmaster:   Built:            Mon Dec 13 11:43:36 2021
    kmaster:   OS/Arch:          linux/amd64
    kmaster:   Experimental:     false
    kmaster:  containerd:
    kmaster:   Version:          1.4.12
    kmaster:   GitCommit:        7b11cfaabd73bb80907dd23182b9347b4245eb5d
    kmaster:  runc:
    kmaster:   Version:          1.0.2
    kmaster:   GitCommit:        v1.0.2-0-g52b36a2
    kmaster:  docker-init:
    kmaster:   Version:          0.19.0
    kmaster:   GitCommit:        de40ad0
    kmaster: 
    kmaster: ================================================================================
    kmaster: 
    kmaster: To run Docker as a non-privileged user, consider setting up the
    kmaster: Docker daemon in rootless mode for your user:
    kmaster: 
    kmaster:     dockerd-rootless-setuptool.sh install
    kmaster: Visit https://docs.docker.com/go/rootless/ to learn about rootless mode.
    kmaster: 
    kmaster: 
    kmaster: To run the Docker daemon as a fully privileged service, but granting non-root
    kmaster: users access, refer to https://docs.docker.com/go/daemon-access/
    kmaster: 
    kmaster: WARNING: Access to the remote API on a privileged Docker daemon is equivalent
    kmaster:          to root access on the host. Refer to the 'Docker daemon attack surface'
    kmaster:          documentation for details: https://docs.docker.com/go/attack-surface/
    kmaster: 
    kmaster: ================================================================================
    kmaster: install docker-compose command
    kmaster:   % Total    % Received % Xferd  Average Speed   Time    Time     Time  Current
    kmaster:   
    kmaster:                              
    kmaster:   Dload  Upload   Total   Spent    Left  Speed
  0     0    
    kmaster:  0     0    0
    kmaster:      0    
    kmaster:   0      
    kmaster: 0 --:--
    kmaster: :-- --:--:-- --:--:--     0
  0     0    0     0    0     0      0      0 --:
    kmaster: --:-- --:--:-- --:--:-
    kmaster: -     0
100   664  100   664    0     0   2432      0 --:--:-- --:--:-- --:--:--  2423
 34 12.1M   34 4258k    0     0  4102k      0  0:00:03  0:
    kmaster: 00:01  0:00:02 4102k
 91 12.1M   91 11.1M    0     0  5612k      0  0:00:02  0:00:02 --:--:-- 7184k
100 12.1M  100 12.1M    0     0  5708k      0  0:00:02  0:00:
    kmaster: 02 --:--:-- 7175k
    kmaster: install npm
    kmaster: 
    kmaster: ## Installing the NodeSource Node.js 16.x repo...
    kmaster: 
    kmaster: ## Populating apt-get cache...
    kmaster: 
    kmaster: + apt-get update
    kmaster: Hit:1 http://archive.ubuntu.com/ubuntu bionic InRelease
    kmaster: Hit:2 http://archive.ubuntu.com/ubuntu bionic-updates InRelease
    kmaster: Hit:3 http://security.ubuntu.com/ubuntu bionic-security InRelease
    kmaster: Hit:4 http://archive.ubuntu.com/ubuntu bionic-backports InRelease
    kmaster: Hit:5 https://download.docker.com/linux/ubuntu bionic InRelease
    kmaster: Reading package lists...
    kmaster: 
    kmaster: ## Confirming "bionic" is supported...
    kmaster: 
    kmaster: + curl -sLf -o /dev/null 'https://deb.nodesource.com/node_16.x/dists/bionic/Release'
    kmaster: 
    kmaster: ## Adding the NodeSource signing key to your keyring...
    kmaster: + curl -s https://deb.nodesource.com/gpgkey/nodesource.gpg.key | gpg --dearmor | tee /usr/share/keyrings/nodesource.gpg >/dev/null
    kmaster: 
    kmaster: ## Creating apt sources list file for the NodeSource Node.js 16.x repo...
    kmaster: 
    kmaster: + echo 'deb [signed-by=/usr/share/keyrings/nodesource.gpg] https://deb.nodesource.com/node_16.x bionic main' > /etc/apt/sources.list.d/nodesource.list
    kmaster: + echo 'deb-src [signed-by=/usr/share/keyrings/nodesource.gpg] https://deb.nodesource.com/node_16.x bionic main' >> /etc/apt/sources.list.d/nodesource.list
    kmaster: 
    kmaster: ## Running `apt-get update` for you...
    kmaster: 
    kmaster: + apt-get update
    kmaster: Hit:1 http://archive.ubuntu.com/ubuntu bionic InRelease
    kmaster: Hit:2 http://archive.ubuntu.com/ubuntu bionic-updates InRelease
    kmaster: Hit:3 https://download.docker.com/linux/ubuntu bionic InRelease
    kmaster: Hit:4 http://archive.ubuntu.com/ubuntu bionic-backports InRelease
    kmaster: Get:5 https://deb.nodesource.com/node_16.x bionic InRelease [4,584 B]
    kmaster: Hit:6 http://security.ubuntu.com/ubuntu bionic-security InRelease
    kmaster: Get:7 https://deb.nodesource.com/node_16.x bionic/main amd64 Packages [769 B]
    kmaster: Fetched 5,353 B in 0s (12.8 kB/s)
    kmaster: Reading package lists...
    kmaster: 
    kmaster: ## Run `sudo apt-get install -y nodejs` to install Node.js 16.x and npm
    kmaster: ## You may also need development tools to build native addons:
    kmaster:      sudo apt-get install gcc g++ make
    kmaster: ## To install the Yarn package manager, run:
    kmaster:      curl -sL https://dl.yarnpkg.com/debian/pubkey.gpg | gpg --dearmor | sudo tee /usr/share/keyrings/yarnkey.gpg >/dev/null
    kmaster:      echo "deb [signed-by=/usr/share/keyrings/yarnkey.gpg] https://dl.yarnpkg.com/debian stable main" | sudo tee /etc/apt/sources.list.d/yarn.list
    kmaster:      sudo apt-get update && sudo apt-get install yarn
    kmaster: Hit:1 https://download.docker.com/linux/ubuntu bionic InRelease
    kmaster: Hit:2 https://deb.nodesource.com/node_16.x bionic InRelease
    kmaster: Hit:3 http://archive.ubuntu.com/ubuntu bionic InRelease
    kmaster: Hit:4 http://archive.ubuntu.com/ubuntu bionic-updates InRelease
    kmaster: Hit:5 http://archive.ubuntu.com/ubuntu bionic-backports InRelease
    kmaster: Hit:6 http://security.ubuntu.com/ubuntu bionic-security InRelease
    kmaster: Reading package lists...
    kmaster: Reading package lists...
    kmaster: Building dependency tree...
    kmaster: 
    kmaster: Reading state information...
    kmaster: The following additional packages will be installed:
    kmaster:   cpp-7 dpkg-dev fakeroot g++ g++-7 gcc gcc-7 gcc-7-base gcc-8-base
    kmaster:   libalgorithm-diff-perl libalgorithm-diff-xs-perl libalgorithm-merge-perl
    kmaster:   libasan4 libatomic1 libcc1-0 libcilkrts5 libdpkg-perl libfakeroot
    kmaster:   libfile-fcntllock-perl libgcc-7-dev libgcc1 libgomp1 libitm1 liblsan0
    kmaster:   libmpx2 libquadmath0 libstdc++-7-dev libstdc++6 libtsan0 libubsan0
    kmaster: Suggested packages:
    kmaster:   gcc-7-locales debian-keyring g++-multilib g++-7-multilib gcc-7-doc
    kmaster:   libstdc++6-7-dbg gcc-multilib manpages-dev autoconf automake libtool flex
    kmaster:   bison gdb gcc-doc gcc-7-multilib libgcc1-dbg libgomp1-dbg libitm1-dbg
    kmaster:   libatomic1-dbg libasan4-dbg liblsan0-dbg libtsan0-dbg libubsan0-dbg
    kmaster:   libcilkrts5-dbg libmpx2-dbg libquadmath0-dbg git-daemon-run
    kmaster:   | git-daemon-sysvinit git-doc git-el git-email git-gui gitk gitweb git-cvs
    kmaster:   git-mediawiki git-svn bzr libstdc++-7-doc
    kmaster: The following NEW packages will be installed:
    kmaster:   build-essential dpkg-dev fakeroot g++ g++-7 gcc gcc-7 libalgorithm-diff-perl
    kmaster:   libalgorithm-diff-xs-perl libalgorithm-merge-perl libasan4 libatomic1
    kmaster:   libcc1-0 libcilkrts5 libdpkg-perl libfakeroot libfile-fcntllock-perl
    kmaster:   libgcc-7-dev libgomp1 libitm1 liblsan0 libmpx2 libquadmath0 libstdc++-7-dev
    kmaster:   libtsan0 libubsan0 nodejs
    kmaster: The following packages will be upgraded:
    kmaster:   cpp-7 gcc-7-base gcc-8-base git libgcc1 libstdc++6
    kmaster: 6 upgraded, 27 newly installed, 0 to remove and 236 not upgraded.
    kmaster: Need to get 64.1 MB of archives.
    kmaster: After this operation, 215 MB of additional disk space will be used.
    kmaster: Get:1 http://archive.ubuntu.com/ubuntu bionic-updates/main amd64 gcc-8-base amd64 8.4.0-1ubuntu1~18.04 [18.7 kB]
    kmaster: Get:2 https://deb.nodesource.com/node_16.x bionic/main amd64 nodejs amd64 16.13.2-1nodesource1 [25.9 MB]
    kmaster: Get:3 http://archive.ubuntu.com/ubuntu bionic-updates/main amd64 libstdc++6 amd64 8.4.0-1ubuntu1~18.04 [400 kB]
    kmaster: Get:4 http://archive.ubuntu.com/ubuntu bionic-updates/main amd64 libgcc1 amd64 1:8.4.0-1ubuntu1~18.04 [40.6 kB]
    kmaster: Get:5 http://archive.ubuntu.com/ubuntu bionic-updates/main amd64 cpp-7 amd64 7.5.0-3ubuntu1~18.04 [8,591 kB]
    kmaster: Get:6 http://archive.ubuntu.com/ubuntu bionic-updates/main amd64 gcc-7-base amd64 7.5.0-3ubuntu1~18.04 [18.3 kB]
    kmaster: Get:7 http://archive.ubuntu.com/ubuntu bionic-updates/main amd64 libcc1-0 amd64 8.4.0-1ubuntu1~18.04 [39.4 kB]
    kmaster: Get:8 http://archive.ubuntu.com/ubuntu bionic-updates/main amd64 libgomp1 amd64 8.4.0-1ubuntu1~18.04 [76.5 kB]
    kmaster: Get:9 http://archive.ubuntu.com/ubuntu bionic-updates/main amd64 libitm1 amd64 8.4.0-1ubuntu1~18.04 [27.9 kB]
    kmaster: Get:10 http://archive.ubuntu.com/ubuntu bionic-updates/main amd64 libatomic1 amd64 8.4.0-1ubuntu1~18.04 [9,192 B]
    kmaster: Get:11 http://archive.ubuntu.com/ubuntu bionic-updates/main amd64 libasan4 amd64 7.5.0-3ubuntu1~18.04 [358 kB]
    kmaster: Get:12 http://archive.ubuntu.com/ubuntu bionic-updates/main amd64 liblsan0 amd64 8.4.0-1ubuntu1~18.04 [133 kB]
    kmaster: Get:13 http://archive.ubuntu.com/ubuntu bionic-updates/main amd64 libtsan0 amd64 8.4.0-1ubuntu1~18.04 [288 kB]
    kmaster: Get:14 http://archive.ubuntu.com/ubuntu bionic-updates/main amd64 libubsan0 amd64 7.5.0-3ubuntu1~18.04 [126 kB]
    kmaster: Get:15 http://archive.ubuntu.com/ubuntu bionic-updates/main amd64 libcilkrts5 amd64 7.5.0-3ubuntu1~18.04 [42.5 kB]
    kmaster: Get:16 http://archive.ubuntu.com/ubuntu bionic-updates/main amd64 libmpx2 amd64 8.4.0-1ubuntu1~18.04 [11.6 kB]
    kmaster: Get:17 http://archive.ubuntu.com/ubuntu bionic-updates/main amd64 libquadmath0 amd64 8.4.0-1ubuntu1~18.04 [134 kB]
    kmaster: Get:18 http://archive.ubuntu.com/ubuntu bionic-updates/main amd64 libgcc-7-dev amd64 7.5.0-3ubuntu1~18.04 [2,378 kB]
    kmaster: Get:19 http://archive.ubuntu.com/ubuntu bionic-updates/main amd64 gcc-7 amd64 7.5.0-3ubuntu1~18.04 [9,381 kB]
    kmaster: Get:20 http://archive.ubuntu.com/ubuntu bionic-updates/main amd64 gcc amd64 4:7.4.0-1ubuntu2.3 [5,184 B]
    kmaster: Get:21 http://archive.ubuntu.com/ubuntu bionic-updates/main amd64 libstdc++-7-dev amd64 7.5.0-3ubuntu1~18.04 [1,471 kB]
    kmaster: Get:22 http://archive.ubuntu.com/ubuntu bionic-updates/main amd64 g++-7 amd64 7.5.0-3ubuntu1~18.04 [9,697 kB]
    kmaster: Get:23 http://archive.ubuntu.com/ubuntu bionic-updates/main amd64 g++ amd64 4:7.4.0-1ubuntu2.3 [1,568 B]
    kmaster: Get:24 http://archive.ubuntu.com/ubuntu bionic-updates/main amd64 libdpkg-perl all 1.19.0.5ubuntu2.3 [211 kB]
    kmaster: Get:25 http://archive.ubuntu.com/ubuntu bionic-updates/main amd64 dpkg-dev all 1.19.0.5ubuntu2.3 [607 kB]
    kmaster: Get:26 http://archive.ubuntu.com/ubuntu bionic/main amd64 build-essential amd64 12.4ubuntu1 [4,758 B]
    kmaster: Get:27 http://archive.ubuntu.com/ubuntu bionic/main amd64 libfakeroot amd64 1.22-2ubuntu1 [25.9 kB]
    kmaster: Get:28 http://archive.ubuntu.com/ubuntu bionic/main amd64 fakeroot amd64 1.22-2ubuntu1 [62.3 kB]
    kmaster: Get:29 http://archive.ubuntu.com/ubuntu bionic-updates/main amd64 git amd64 1:2.17.1-1ubuntu0.9 [3,923 kB]
    kmaster: Get:30 http://archive.ubuntu.com/ubuntu bionic/main amd64 libalgorithm-diff-perl all 1.19.03-1 [47.6 kB]
    kmaster: Get:31 http://archive.ubuntu.com/ubuntu bionic/main amd64 libalgorithm-diff-xs-perl amd64 0.04-5 [11.1 kB]
    kmaster: Get:32 http://archive.ubuntu.com/ubuntu bionic/main amd64 libalgorithm-merge-perl all 0.08-3 [12.0 kB]
    kmaster: Get:33 http://archive.ubuntu.com/ubuntu bionic/main amd64 libfile-fcntllock-perl amd64 0.22-3build2 [33.2 kB]
    kmaster: dpkg-preconfigure: unable to re-open stdin: No such file or directory
    kmaster: Fetched 64.1 MB in 1s (75.4 MB/s)
    kmaster: (Reading database ... 
(Reading database ... 60%abase ... 5%
    kmaster: (Reading database ... 65%
    kmaster: (Reading database ... 70%
    kmaster: (Reading database ... 75%
    kmaster: (Reading database ... 80%
    kmaster: (Reading database ... 85%
    kmaster: (Reading database ... 90%
    kmaster: (Reading database ... 95%
(Reading database ... 42759 files and directories currently installed.)
    kmaster: Preparing to unpack .../gcc-8-base_8.4.0-1ubuntu1~18.04_amd64.deb ...
    kmaster: Unpacking gcc-8-base:amd64 (8.4.0-1ubuntu1~18.04) over (8.3.0-6ubuntu1~18.04.1) ...
    kmaster: Setting up gcc-8-base:amd64 (8.4.0-1ubuntu1~18.04) ...
    kmaster: (Reading database ... 
(Reading database ... 60%abase ... 5%
    kmaster: (Reading database ... 65%
    kmaster: (Reading database ... 70%
    kmaster: (Reading database ... 75%
    kmaster: (Reading database ... 80%
    kmaster: (Reading database ... 85%
    kmaster: (Reading database ... 90%
    kmaster: (Reading database ... 95%
(Reading database ... 42759 files and directories currently installed.)
    kmaster: Preparing to unpack .../libstdc++6_8.4.0-1ubuntu1~18.04_amd64.deb ...
    kmaster: Unpacking libstdc++6:amd64 (8.4.0-1ubuntu1~18.04) over (8.3.0-6ubuntu1~18.04.1) ...
    kmaster: Setting up libstdc++6:amd64 (8.4.0-1ubuntu1~18.04) ...
    kmaster: (Reading database ... 
(Reading database ... 60%abase ... 5%
    kmaster: (Reading database ... 65%
    kmaster: (Reading database ... 70%
    kmaster: (Reading database ... 75%
    kmaster: (Reading database ... 80%
    kmaster: (Reading database ... 85%
    kmaster: (Reading database ... 90%
    kmaster: (Reading database ... 95%
(Reading database ... 42759 files and directories currently installed.)
    kmaster: Preparing to unpack .../libgcc1_1%3a8.4.0-1ubuntu1~18.04_amd64.deb ...
    kmaster: Unpacking libgcc1:amd64 (1:8.4.0-1ubuntu1~18.04) over (1:8.3.0-6ubuntu1~18.04.1) ...
    kmaster: Setting up libgcc1:amd64 (1:8.4.0-1ubuntu1~18.04) ...
    kmaster: (Reading database ... 
(Reading database ... 60%abase ... 5%
    kmaster: (Reading database ... 65%
    kmaster: (Reading database ... 70%
    kmaster: (Reading database ... 75%
    kmaster: (Reading database ... 80%
    kmaster: (Reading database ... 85%
(Reading database ... 42759 files and directories currently installed.)
    kmaster: Preparing to unpack .../00-cpp-7_7.5.0-3ubuntu1~18.04_amd64.deb ...
    kmaster: Unpacking cpp-7 (7.5.0-3ubuntu1~18.04) over (7.4.0-1ubuntu1~18.04.1) ...
    kmaster: Preparing to unpack .../01-gcc-7-base_7.5.0-3ubuntu1~18.04_amd64.deb ...
    kmaster: Unpacking gcc-7-base:amd64 (7.5.0-3ubuntu1~18.04) over (7.4.0-1ubuntu1~18.04.1) ...
    kmaster: Selecting previously unselected package libcc1-0:amd64.
    kmaster: Preparing to unpack .../02-libcc1-0_8.4.0-1ubuntu1~18.04_amd64.deb ...
    kmaster: Unpacking libcc1-0:amd64 (8.4.0-1ubuntu1~18.04) ...
    kmaster: Selecting previously unselected package libgomp1:amd64.
    kmaster: Preparing to unpack .../03-libgomp1_8.4.0-1ubuntu1~18.04_amd64.deb ...
    kmaster: Unpacking libgomp1:amd64 (8.4.0-1ubuntu1~18.04) ...
    kmaster: Selecting previously unselected package libitm1:amd64.
    kmaster: Preparing to unpack .../04-libitm1_8.4.0-1ubuntu1~18.04_amd64.deb ...
    kmaster: Unpacking libitm1:amd64 (8.4.0-1ubuntu1~18.04) ...
    kmaster: Selecting previously unselected package libatomic1:amd64.
    kmaster: Preparing to unpack .../05-libatomic1_8.4.0-1ubuntu1~18.04_amd64.deb ...
    kmaster: Unpacking libatomic1:amd64 (8.4.0-1ubuntu1~18.04) ...
    kmaster: Selecting previously unselected package libasan4:amd64.
    kmaster: Preparing to unpack .../06-libasan4_7.5.0-3ubuntu1~18.04_amd64.deb ...
    kmaster: Unpacking libasan4:amd64 (7.5.0-3ubuntu1~18.04) ...
    kmaster: Selecting previously unselected package liblsan0:amd64.
    kmaster: Preparing to unpack .../07-liblsan0_8.4.0-1ubuntu1~18.04_amd64.deb ...
    kmaster: Unpacking liblsan0:amd64 (8.4.0-1ubuntu1~18.04) ...
    kmaster: Selecting previously unselected package libtsan0:amd64.
    kmaster: Preparing to unpack .../08-libtsan0_8.4.0-1ubuntu1~18.04_amd64.deb ...
    kmaster: Unpacking libtsan0:amd64 (8.4.0-1ubuntu1~18.04) ...
    kmaster: Selecting previously unselected package libubsan0:amd64.
    kmaster: Preparing to unpack .../09-libubsan0_7.5.0-3ubuntu1~18.04_amd64.deb ...
    kmaster: Unpacking libubsan0:amd64 (7.5.0-3ubuntu1~18.04) ...
    kmaster: Selecting previously unselected package libcilkrts5:amd64.
    kmaster: Preparing to unpack .../10-libcilkrts5_7.5.0-3ubuntu1~18.04_amd64.deb ...
    kmaster: Unpacking libcilkrts5:amd64 (7.5.0-3ubuntu1~18.04) ...
    kmaster: Selecting previously unselected package libmpx2:amd64.
    kmaster: Preparing to unpack .../11-libmpx2_8.4.0-1ubuntu1~18.04_amd64.deb ...
    kmaster: Unpacking libmpx2:amd64 (8.4.0-1ubuntu1~18.04) ...
    kmaster: Selecting previously unselected package libquadmath0:amd64.
    kmaster: Preparing to unpack .../12-libquadmath0_8.4.0-1ubuntu1~18.04_amd64.deb ...
    kmaster: Unpacking libquadmath0:amd64 (8.4.0-1ubuntu1~18.04) ...
    kmaster: Selecting previously unselected package libgcc-7-dev:amd64.
    kmaster: Preparing to unpack .../13-libgcc-7-dev_7.5.0-3ubuntu1~18.04_amd64.deb ...
    kmaster: Unpacking libgcc-7-dev:amd64 (7.5.0-3ubuntu1~18.04) ...
    kmaster: Selecting previously unselected package gcc-7.
    kmaster: Preparing to unpack .../14-gcc-7_7.5.0-3ubuntu1~18.04_amd64.deb ...
    kmaster: Unpacking gcc-7 (7.5.0-3ubuntu1~18.04) ...
    kmaster: Selecting previously unselected package gcc.
    kmaster: Preparing to unpack .../15-gcc_4%3a7.4.0-1ubuntu2.3_amd64.deb ...
    kmaster: Unpacking gcc (4:7.4.0-1ubuntu2.3) ...
    kmaster: Selecting previously unselected package libstdc++-7-dev:amd64.
    kmaster: Preparing to unpack .../16-libstdc++-7-dev_7.5.0-3ubuntu1~18.04_amd64.deb ...
    kmaster: Unpacking libstdc++-7-dev:amd64 (7.5.0-3ubuntu1~18.04) ...
    kmaster: Selecting previously unselected package g++-7.
    kmaster: Preparing to unpack .../17-g++-7_7.5.0-3ubuntu1~18.04_amd64.deb ...
    kmaster: Unpacking g++-7 (7.5.0-3ubuntu1~18.04) ...
    kmaster: Selecting previously unselected package g++.
    kmaster: Preparing to unpack .../18-g++_4%3a7.4.0-1ubuntu2.3_amd64.deb ...
    kmaster: Unpacking g++ (4:7.4.0-1ubuntu2.3) ...
    kmaster: Selecting previously unselected package libdpkg-perl.
    kmaster: Preparing to unpack .../19-libdpkg-perl_1.19.0.5ubuntu2.3_all.deb ...
    kmaster: Unpacking libdpkg-perl (1.19.0.5ubuntu2.3) ...
    kmaster: Selecting previously unselected package dpkg-dev.
    kmaster: Preparing to unpack .../20-dpkg-dev_1.19.0.5ubuntu2.3_all.deb ...
    kmaster: Unpacking dpkg-dev (1.19.0.5ubuntu2.3) ...
    kmaster: Selecting previously unselected package build-essential.
    kmaster: Preparing to unpack .../21-build-essential_12.4ubuntu1_amd64.deb ...
    kmaster: Unpacking build-essential (12.4ubuntu1) ...
    kmaster: Selecting previously unselected package libfakeroot:amd64.
    kmaster: Preparing to unpack .../22-libfakeroot_1.22-2ubuntu1_amd64.deb ...
    kmaster: Unpacking libfakeroot:amd64 (1.22-2ubuntu1) ...
    kmaster: Selecting previously unselected package fakeroot.
    kmaster: Preparing to unpack .../23-fakeroot_1.22-2ubuntu1_amd64.deb ...
    kmaster: Unpacking fakeroot (1.22-2ubuntu1) ...
    kmaster: Preparing to unpack .../24-git_1%3a2.17.1-1ubuntu0.9_amd64.deb ...
    kmaster: Unpacking git (1:2.17.1-1ubuntu0.9) over (1:2.17.1-1ubuntu0.4) ...
    kmaster: Selecting previously unselected package libalgorithm-diff-perl.
    kmaster: Preparing to unpack .../25-libalgorithm-diff-perl_1.19.03-1_all.deb ...
    kmaster: Unpacking libalgorithm-diff-perl (1.19.03-1) ...
    kmaster: Selecting previously unselected package libalgorithm-diff-xs-perl.
    kmaster: Preparing to unpack .../26-libalgorithm-diff-xs-perl_0.04-5_amd64.deb ...
    kmaster: Unpacking libalgorithm-diff-xs-perl (0.04-5) ...
    kmaster: Selecting previously unselected package libalgorithm-merge-perl.
    kmaster: Preparing to unpack .../27-libalgorithm-merge-perl_0.08-3_all.deb ...
    kmaster: Unpacking libalgorithm-merge-perl (0.08-3) ...
    kmaster: Selecting previously unselected package libfile-fcntllock-perl.
    kmaster: Preparing to unpack .../28-libfile-fcntllock-perl_0.22-3build2_amd64.deb ...
    kmaster: Unpacking libfile-fcntllock-perl (0.22-3build2) ...
    kmaster: Selecting previously unselected package nodejs.
    kmaster: Preparing to unpack .../29-nodejs_16.13.2-1nodesource1_amd64.deb ...
    kmaster: Unpacking nodejs (16.13.2-1nodesource1) ...
    kmaster: Setting up libquadmath0:amd64 (8.4.0-1ubuntu1~18.04) ...
    kmaster: Setting up libgomp1:amd64 (8.4.0-1ubuntu1~18.04) ...
    kmaster: Setting up libatomic1:amd64 (8.4.0-1ubuntu1~18.04) ...
    kmaster: Setting up libcc1-0:amd64 (8.4.0-1ubuntu1~18.04) ...
    kmaster: Setting up nodejs (16.13.2-1nodesource1) ...
    kmaster: Setting up libtsan0:amd64 (8.4.0-1ubuntu1~18.04) ...
    kmaster: Setting up libdpkg-perl (1.19.0.5ubuntu2.3) ...
    kmaster: Setting up liblsan0:amd64 (8.4.0-1ubuntu1~18.04) ...
    kmaster: Setting up gcc-7-base:amd64 (7.5.0-3ubuntu1~18.04) ...
    kmaster: Setting up libfile-fcntllock-perl (0.22-3build2) ...
    kmaster: Setting up libmpx2:amd64 (8.4.0-1ubuntu1~18.04) ...
    kmaster: Setting up dpkg-dev (1.19.0.5ubuntu2.3) ...
    kmaster: Processing triggers for libc-bin (2.27-3ubuntu1) ...
    kmaster: Setting up libfakeroot:amd64 (1.22-2ubuntu1) ...
    kmaster: Setting up libalgorithm-diff-perl (1.19.03-1) ...
    kmaster: Processing triggers for man-db (2.8.3-2ubuntu0.1) ...
    kmaster: Setting up git (1:2.17.1-1ubuntu0.9) ...
    kmaster: Setting up libitm1:amd64 (8.4.0-1ubuntu1~18.04) ...
    kmaster: Setting up libasan4:amd64 (7.5.0-3ubuntu1~18.04) ...
    kmaster: Setting up libcilkrts5:amd64 (7.5.0-3ubuntu1~18.04) ...
    kmaster: Setting up libubsan0:amd64 (7.5.0-3ubuntu1~18.04) ...
    kmaster: Setting up fakeroot (1.22-2ubuntu1) ...
    kmaster: update-alternatives: using /usr/bin/fakeroot-sysv to provide /usr/bin/fakeroot (fakeroot) in auto mode
    kmaster: Setting up libgcc-7-dev:amd64 (7.5.0-3ubuntu1~18.04) ...
    kmaster: Setting up cpp-7 (7.5.0-3ubuntu1~18.04) ...
    kmaster: Setting up libstdc++-7-dev:amd64 (7.5.0-3ubuntu1~18.04) ...
    kmaster: Setting up libalgorithm-merge-perl (0.08-3) ...
    kmaster: Setting up libalgorithm-diff-xs-perl (0.04-5) ...
    kmaster: Setting up gcc-7 (7.5.0-3ubuntu1~18.04) ...
    kmaster: Setting up g++-7 (7.5.0-3ubuntu1~18.04) ...
    kmaster: Setting up gcc (4:7.4.0-1ubuntu2.3) ...
    kmaster: Setting up g++ (4:7.4.0-1ubuntu2.3) ...
    kmaster: update-alternatives: using /usr/bin/g++ to provide /usr/bin/c++ (c++) in auto mode
    kmaster: Setting up build-essential (12.4ubuntu1) ...
    kmaster: Processing triggers for libc-bin (2.27-3ubuntu1) ...
    kmaster: install newman
    kmaster: npm
    kmaster:  
    kmaster: WARN
    kmaster:  
    kmaster: deprecated
    kmaster:  har-validator@5.1.5: this library is no longer supported
    kmaster: npm
    kmaster:  
    kmaster: WARN
    kmaster:  
    kmaster: deprecated
    kmaster:  uuid@3.4.0: Please upgrade  to version 7 or higher.  Older versions may use Math.random() in certain circumstances, which is known to be problematic.  See https://v8.dev/blog/math-random for details.
    kmaster: npm
    kmaster:  
    kmaster: WARN
    kmaster:  
    kmaster: deprecated
    kmaster:  uuid@3.4.0: Please upgrade  to version 7 or higher.  Older versions may use Math.random() in certain circumstances, which is known to be problematic.  See https://v8.dev/blog/math-random for details.
    kmaster: 
    kmaster: added 111 packages, and audited 112 packages in 5s
    kmaster: 5 packages are looking for funding
    kmaster:   run `npm fund` for details
    kmaster: 
    kmaster: found 0 vulnerabilities
    kmaster: npm
    kmaster:  
    kmaster: notice
    kmaster:  
    kmaster: npm
    kmaster:  
    kmaster: notice
    kmaster:  New minor version of npm available! 8.1.2 -> 8.4.0
    kmaster: npm
    kmaster:  
    kmaster: notice
    kmaster:  Changelog: <https://github.com/npm/cli/releases/tag/v8.4.0>
    kmaster: npm
    kmaster:  
    kmaster: notice
    kmaster:  Run `npm install -g npm@8.4.0` to update!
    kmaster: npm
    kmaster:  
    kmaster: notice
    kmaster:  
    kmaster: npm WARN deprecated har-validator@5.1.5: this library is no longer supported
    kmaster: npm 
    kmaster: WARN deprecated
    kmaster:  source-map-url@0.4.1: See https://github.com/lydell/source-map-url#deprecated
    kmaster: npm WARN 
    kmaster: deprecated resolve-url@0.2.1: https://github.com/lydell/resolve-url#deprecated
    kmaster: npm WARN deprecated uuid@3.4.0: Please upgrade  to version 7 or higher.  Older versions may use Math.random() in certain circumstances, which is known to be problematic.  See https://v8.dev/blog/math-random for details.
    kmaster: npm WARN deprecated uuid@3.4.0: Please upgrade  to version 7 or higher.  Older versions may use Math.random() in certain circumstances, which is known to be problematic.  See https://v8.dev/blog/math-random for details.
    kmaster: npm WARN deprecated urix@0.1.0: Please see https://github.com/lydell/urix#deprecated
    kmaster: npm WARN deprecated gulp-header@1.8.12: Removed event-stream from gulp-header
    kmaster: npm WARN deprecated source-map-resolve@0.5.3: See https://github.com/lydell/source-map-resolve#deprecated
    kmaster: 
    kmaster: added 308 packages, and audited 309 packages in 13s
    kmaster: 7 packages are looking for funding
    kmaster:   run `npm fund` for details
    kmaster: 
    kmaster: found 0 vulnerabilities
    kmaster: cloning abcdesktopio/conf
    kmaster: Cloning into 'conf'...
==> kmaster: Running provisioner: shell...
    kmaster: Running: /tmp/vagrant-shell20220201-141752-kgew7x.sh
    kmaster: enable ip forwarding for routing
    kmaster: net.bridge.bridge-nf-call-ip6tables = 1
    kmaster: net.bridge.bridge-nf-call-iptables = 1
    kmaster: net.ipv4.ip_forward = 1
    kmaster: Reload sysctl
    kmaster: * Applying /etc/sysctl.d/10-console-messages.conf ...
    kmaster: kernel.printk = 4 4 1 7
    kmaster: * Applying /etc/sysctl.d/10-ipv6-privacy.conf ...
    kmaster: net.ipv6.conf.all.use_tempaddr = 2
    kmaster: net.ipv6.conf.default.use_tempaddr = 2
    kmaster: * Applying /etc/sysctl.d/10-kernel-hardening.conf ...
    kmaster: kernel.kptr_restrict = 1
    kmaster: * Applying /etc/sysctl.d/10-link-restrictions.conf ...
    kmaster: fs.protected_hardlinks = 1
    kmaster: fs.protected_symlinks = 1
    kmaster: * Applying /etc/sysctl.d/10-lxd-inotify.conf ...
    kmaster: fs.inotify.max_user_instances = 1024
    kmaster: * Applying /etc/sysctl.d/10-magic-sysrq.conf ...
    kmaster: kernel.sysrq = 176
    kmaster: * Applying /etc/sysctl.d/10-network-security.conf ...
    kmaster: net.ipv4.conf.default.rp_filter = 1
    kmaster: net.ipv4.conf.all.rp_filter = 1
    kmaster: net.ipv4.tcp_syncookies = 1
    kmaster: * Applying /etc/sysctl.d/10-ptrace.conf ...
    kmaster: kernel.yama.ptrace_scope = 1
    kmaster: * Applying /etc/sysctl.d/10-zeropage.conf ...
    kmaster: vm.mmap_min_addr = 65536
    kmaster: * Applying /usr/lib/sysctl.d/50-default.conf ...
    kmaster: net.ipv4.conf.all.promote_secondaries = 1
    kmaster: net.core.default_qdisc = fq_codel
    kmaster: * Applying /etc/sysctl.d/99-sysctl.conf ...
    kmaster: * Applying /etc/sysctl.d/kubernetes.conf ...
    kmaster: net.bridge.bridge-nf-call-ip6tables = 1
    kmaster: net.bridge.bridge-nf-call-iptables = 1
    kmaster: net.ipv4.ip_forward = 1
    kmaster: * Applying /etc/sysctl.conf ...
    kmaster: Reconfigure docker change default cgroups to native.cgroupdriver=systemd
    kmaster: {
    kmaster:   "exec-opts": ["native.cgroupdriver=systemd"],
    kmaster:   "log-driver": "json-file",
    kmaster:   "log-opts": {
    kmaster:     "max-size": "100m"
    kmaster:   },
    kmaster:   "storage-driver": "overlay2"
    kmaster: }
    kmaster: Start and enable Services
    kmaster: Synchronizing state of docker.service with SysV service script with /lib/systemd/systemd-sysv-install.
    kmaster: Executing: /lib/systemd/systemd-sysv-install enable docker
    kmaster: Disable swap
    kmaster: Install Kubernetes
    kmaster: Hit:1 http://archive.ubuntu.com/ubuntu bionic InRelease
    kmaster: Hit:2 http://archive.ubuntu.com/ubuntu bionic-updates InRelease
    kmaster: Hit:3 http://archive.ubuntu.com/ubuntu bionic-backports InRelease
    kmaster: Hit:4 https://download.docker.com/linux/ubuntu bionic InRelease
    kmaster: Hit:5 https://deb.nodesource.com/node_16.x bionic InRelease
    kmaster: Hit:6 http://security.ubuntu.com/ubuntu bionic-security InRelease
    kmaster: Reading package lists...
    kmaster: Reading package lists...
    kmaster: Building dependency tree...
    kmaster: 
    kmaster: Reading state information...
    kmaster: ca-certificates is already the newest version (20210119~18.04.2).
    kmaster: curl is already the newest version (7.58.0-2ubuntu3.16).
    kmaster: apt-transport-https is already the newest version (1.6.14).
    kmaster: 0 upgraded, 0 newly installed, 0 to remove and 236 not upgraded.
    kmaster: deb [signed-by=/usr/share/keyrings/kubernetes-archive-keyring.gpg] https://apt.kubernetes.io/ kubernetes-xenial main
    kmaster: Hit:1 http://archive.ubuntu.com/ubuntu bionic InRelease
    kmaster: Hit:2 http://archive.ubuntu.com/ubuntu bionic-updates InRelease
    kmaster: Hit:3 https://download.docker.com/linux/ubuntu bionic InRelease
    kmaster: Hit:4 http://archive.ubuntu.com/ubuntu bionic-backports InRelease
    kmaster: Hit:5 https://deb.nodesource.com/node_16.x bionic InRelease
    kmaster: Hit:6 http://security.ubuntu.com/ubuntu bionic-security InRelease
    kmaster: Get:7 https://packages.cloud.google.com/apt kubernetes-xenial InRelease [9,383 B]
    kmaster: Get:8 https://packages.cloud.google.com/apt kubernetes-xenial/main amd64 Packages [53.6 kB]
    kmaster: Fetched 63.0 kB in 1s (57.4 kB/s)
    kmaster: Reading package lists...
    kmaster: Reading package lists...
    kmaster: Building dependency tree...
    kmaster: 
    kmaster: Reading state information...
    kmaster: The following additional packages will be installed:
    kmaster:   conntrack cri-tools kubernetes-cni socat
    kmaster: The following NEW packages will be installed:
    kmaster:   conntrack cri-tools kubeadm kubectl kubelet kubernetes-cni socat
    kmaster: 0 upgraded, 7 newly installed, 0 to remove and 236 not upgraded.
    kmaster: Need to get 73.5 MB of archives.
    kmaster: After this operation, 320 MB of additional disk space will be used.
    kmaster: Get:1 http://archive.ubuntu.com/ubuntu bionic/main amd64 conntrack amd64 1:1.4.4+snapshot20161117-6ubuntu2 [30.6 kB]
    kmaster: Get:2 http://archive.ubuntu.com/ubuntu bionic/main amd64 socat amd64 1.7.3.2-2ubuntu2 [342 kB]
    kmaster: Get:3 https://packages.cloud.google.com/apt kubernetes-xenial/main amd64 cri-tools amd64 1.19.0-00 [11.2 MB]
    kmaster: Get:4 https://packages.cloud.google.com/apt kubernetes-xenial/main amd64 kubernetes-cni amd64 0.8.7-00 [25.0 MB]
    kmaster: Get:5 https://packages.cloud.google.com/apt kubernetes-xenial/main amd64 kubelet amd64 1.23.3-00 [19.5 MB]
    kmaster: Get:6 https://packages.cloud.google.com/apt kubernetes-xenial/main amd64 kubectl amd64 1.23.3-00 [8,929 kB]
    kmaster: Get:7 https://packages.cloud.google.com/apt kubernetes-xenial/main amd64 kubeadm amd64 1.23.3-00 [8,580 kB]
    kmaster: dpkg-preconfigure: unable to re-open stdin: No such file or directory
    kmaster: Fetched 73.5 MB in 5s (14.9 MB/s)
    kmaster: Selecting previously unselected package conntrack.
    kmaster: (Reading database ... 
(Reading database ... 60%abase ... 5%
    kmaster: (Reading database ... 65%
    kmaster: (Reading database ... 70%
    kmaster: (Reading database ... 75%
    kmaster: (Reading database ... 80%
    kmaster: (Reading database ... 85%
    kmaster: (Reading database ... 90%
    kmaster: (Reading database ... 95%
(Reading database ... 47474 files and directories currently installed.)
    kmaster: Preparing to unpack .../0-conntrack_1%3a1.4.4+snapshot20161117-6ubuntu2_amd64.deb ...
    kmaster: Unpacking conntrack (1:1.4.4+snapshot20161117-6ubuntu2) ...
    kmaster: Selecting previously unselected package cri-tools.
    kmaster: Preparing to unpack .../1-cri-tools_1.19.0-00_amd64.deb ...
    kmaster: Unpacking cri-tools (1.19.0-00) ...
    kmaster: Selecting previously unselected package kubernetes-cni.
    kmaster: Preparing to unpack .../2-kubernetes-cni_0.8.7-00_amd64.deb ...
    kmaster: Unpacking kubernetes-cni (0.8.7-00) ...
    kmaster: Selecting previously unselected package socat.
    kmaster: Preparing to unpack .../3-socat_1.7.3.2-2ubuntu2_amd64.deb ...
    kmaster: Unpacking socat (1.7.3.2-2ubuntu2) ...
    kmaster: Selecting previously unselected package kubelet.
    kmaster: Preparing to unpack .../4-kubelet_1.23.3-00_amd64.deb ...
    kmaster: Unpacking kubelet (1.23.3-00) ...
    kmaster: Selecting previously unselected package kubectl.
    kmaster: Preparing to unpack .../5-kubectl_1.23.3-00_amd64.deb ...
    kmaster: Unpacking kubectl (1.23.3-00) ...
    kmaster: Selecting previously unselected package kubeadm.
    kmaster: Preparing to unpack .../6-kubeadm_1.23.3-00_amd64.deb ...
    kmaster: Unpacking kubeadm (1.23.3-00) ...
    kmaster: Setting up conntrack (1:1.4.4+snapshot20161117-6ubuntu2) ...
    kmaster: Setting up kubernetes-cni (0.8.7-00) ...
    kmaster: Setting up cri-tools (1.19.0-00) ...
    kmaster: Setting up socat (1.7.3.2-2ubuntu2) ...
    kmaster: Setting up kubelet (1.23.3-00) ...
    kmaster: Created symlink /etc/systemd/system/multi-user.target.wants/kubelet.service → /lib/systemd/system/kubelet.service.
    kmaster: Setting up kubectl (1.23.3-00) ...
    kmaster: Processing triggers for man-db (2.8.3-2ubuntu0.1) ...
    kmaster: Setting up kubeadm (1.23.3-00) ...
    kmaster: kubelet set on hold.
    kmaster: kubeadm set on hold.
    kmaster: kubectl set on hold.
    kmaster: Start kubelet
    kmaster: Initialize Kubernetes Cluster
    kmaster: [init] Using Kubernetes version: v1.23.3
    kmaster: [preflight] Running pre-flight checks
    kmaster: [preflight] Pulling images required for setting up a Kubernetes cluster
    kmaster: [preflight] This might take a minute or two, depending on the speed of your internet connection
    kmaster: [preflight] You can also perform this action in beforehand using 'kubeadm config images pull'
    kmaster: [certs] Using certificateDir folder "/etc/kubernetes/pki"
    kmaster: [certs] Generating "ca" certificate and key
    kmaster: [certs] Generating "apiserver" certificate and key
    kmaster: [certs] apiserver serving cert is signed for DNS names [kmaster kubernetes kubernetes.default kubernetes.default.svc kubernetes.default.svc.cluster.local] and IPs [10.96.0.1 10.0.2.15]
    kmaster: [certs] Generating "apiserver-kubelet-client" certificate and key
    kmaster: [certs] Generating "front-proxy-ca" certificate and key
    kmaster: [certs] Generating "front-proxy-client" certificate and key
    kmaster: [certs] Generating "etcd/ca" certificate and key
    kmaster: [certs] Generating "etcd/server" certificate and key
    kmaster: [certs] etcd/server serving cert is signed for DNS names [kmaster localhost] and IPs [10.0.2.15 127.0.0.1 ::1]
    kmaster: [certs] Generating "etcd/peer" certificate and key
    kmaster: [certs] etcd/peer serving cert is signed for DNS names [kmaster localhost] and IPs [10.0.2.15 127.0.0.1 ::1]
    kmaster: [certs] Generating "etcd/healthcheck-client" certificate and key
    kmaster: [certs] Generating "apiserver-etcd-client" certificate and key
    kmaster: [certs] Generating "sa" key and public key
    kmaster: [kubeconfig] Using kubeconfig folder "/etc/kubernetes"
    kmaster: [kubeconfig] Writing "admin.conf" kubeconfig file
    kmaster: [kubeconfig] Writing "kubelet.conf" kubeconfig file
    kmaster: [kubeconfig] Writing "controller-manager.conf" kubeconfig file
    kmaster: [kubeconfig] Writing "scheduler.conf" kubeconfig file
    kmaster: [kubelet-start] Writing kubelet environment file with flags to file "/var/lib/kubelet/kubeadm-flags.env"
    kmaster: [kubelet-start] Writing kubelet configuration to file "/var/lib/kubelet/config.yaml"
    kmaster: [kubelet-start] Starting the kubelet
    kmaster: [control-plane] Using manifest folder "/etc/kubernetes/manifests"
    kmaster: [control-plane] Creating static Pod manifest for "kube-apiserver"
    kmaster: [control-plane] Creating static Pod manifest for "kube-controller-manager"
    kmaster: [control-plane] Creating static Pod manifest for "kube-scheduler"
    kmaster: [etcd] Creating static Pod manifest for local etcd in "/etc/kubernetes/manifests"
    kmaster: [wait-control-plane] Waiting for the kubelet to boot up the control plane as static Pods from directory "/etc/kubernetes/manifests". This can take up to 4m0s
    kmaster: [apiclient] All control plane components are healthy after 8.506616 seconds
    kmaster: [upload-config] Storing the configuration used in ConfigMap "kubeadm-config" in the "kube-system" Namespace
    kmaster: [kubelet] Creating a ConfigMap "kubelet-config-1.23" in namespace kube-system with the configuration for the kubelets in the cluster
    kmaster: NOTE: The "kubelet-config-1.23" naming of the kubelet ConfigMap is deprecated. Once the UnversionedKubeletConfigMap feature gate graduates to Beta the default name will become just "kubelet-config". Kubeadm upgrade will handle this transition transparently.
    kmaster: [upload-certs] Skipping phase. Please see --upload-certs
    kmaster: [mark-control-plane] Marking the node kmaster as control-plane by adding the labels: [node-role.kubernetes.io/master(deprecated) node-role.kubernetes.io/control-plane node.kubernetes.io/exclude-from-external-load-balancers]
    kmaster: [mark-control-plane] Marking the node kmaster as control-plane by adding the taints [node-role.kubernetes.io/master:NoSchedule]
    kmaster: [bootstrap-token] Using token: wnbjuh.8e8vpv4t29385uqr
    kmaster: [bootstrap-token] Configuring bootstrap tokens, cluster-info ConfigMap, RBAC Roles
    kmaster: [bootstrap-token] configured RBAC rules to allow Node Bootstrap tokens to get nodes
    kmaster: [bootstrap-token] configured RBAC rules to allow Node Bootstrap tokens to post CSRs in order for nodes to get long term certificate credentials
    kmaster: [bootstrap-token] configured RBAC rules to allow the csrapprover controller automatically approve CSRs from a Node Bootstrap Token
    kmaster: [bootstrap-token] configured RBAC rules to allow certificate rotation for all node client certificates in the cluster
    kmaster: [bootstrap-token] Creating the "cluster-info" ConfigMap in the "kube-public" namespace
    kmaster: [kubelet-finalize] Updating "/etc/kubernetes/kubelet.conf" to point to a rotatable kubelet client certificate and key
    kmaster: [addons] Applied essential addon: CoreDNS
    kmaster: [addons] Applied essential addon: kube-proxy
    kmaster: 
    kmaster: Your Kubernetes control-plane has initialized successfully!
    kmaster: 
    kmaster: To start using your cluster, you need to run the following as a regular user:
    kmaster: 
    kmaster:   mkdir -p $HOME/.kube
    kmaster:   sudo cp -i /etc/kubernetes/admin.conf $HOME/.kube/config
    kmaster:   sudo chown $(id -u):$(id -g) $HOME/.kube/config
    kmaster: 
    kmaster: Alternatively, if you are the root user, you can run:
    kmaster: 
    kmaster:   export KUBECONFIG=/etc/kubernetes/admin.conf
    kmaster: 
    kmaster: You should now deploy a pod network to the cluster.
    kmaster: Run "kubectl apply -f [podnetwork].yaml" with one of the options listed at:
    kmaster:   https://kubernetes.io/docs/concepts/cluster-administration/addons/
    kmaster: 
    kmaster: Then you can join any number of worker nodes by running the following on each as root:
    kmaster: 
    kmaster: kubeadm join 10.0.2.15:6443 --token wnbjuh.8e8vpv4t29385uqr \
    kmaster: 	--discovery-token-ca-cert-hash sha256:e1bea12c61582a132a9be188149078204a1858e7c253c57a31106c45b304cf24 
    kmaster: Copy kube admin config to Vagrant user .kube directory
    kmaster: kubectl config view
    kmaster: apiVersion: v1
    kmaster: clusters:
    kmaster: - cluster:
    kmaster:     certificate-authority-data: DATA+OMITTED
    kmaster:     server: https://10.0.2.15:6443
    kmaster:   name: kubernetes
    kmaster: contexts:
    kmaster: - context:
    kmaster:     cluster: kubernetes
    kmaster:     user: kubernetes-admin
    kmaster:   name: kubernetes-admin@kubernetes
    kmaster: current-context: kubernetes-admin@kubernetes
    kmaster: kind: Config
    kmaster: preferences: {}
    kmaster: users:
    kmaster: - name: kubernetes-admin
    kmaster:   user:
    kmaster:     client-certificate-data: REDACTED
    kmaster:     client-key-data: REDACTED
    kmaster: kubectl cluster-info
    kmaster: 
    kmaster: Kubernetes control plane
    kmaster: 
    kmaster:  is running at 
    kmaster: 
    kmaster: https://10.0.2.15:6443
    kmaster: 
    kmaster: 
    kmaster: CoreDNS
    kmaster: 
    kmaster:  is running at 
    kmaster: 
    kmaster: https://10.0.2.15:6443/api/v1/namespaces/kube-system/services/kube-dns:dns/proxy
    kmaster: 
    kmaster: To further debug and diagnose cluster problems, use 'kubectl cluster-info dump'.
    kmaster: waiting for pods condition=Ready pod/etcd-kmaster
    kmaster: pod/etcd-kmaster condition met
    kmaster: waiting for pods condition=Ready pod/kube-apiserver-kmaster
    kmaster: pod/kube-apiserver-kmaster condition met
    kmaster: waiting for pods condition=Ready pod/kube-controller-manager-kmaster
    kmaster: pod/kube-controller-manager-kmaster condition met
    kmaster: waiting for pods condition=Ready pod/kube-scheduler-kmaster
    kmaster: pod/kube-scheduler-kmaster condition met
    kmaster: Remove Master Node Taint
    kmaster: node/kmaster untainted
    kmaster: Deploy flannel network
    kmaster: Warning: policy/v1beta1 PodSecurityPolicy is deprecated in v1.21+, unavailable in v1.25+
    kmaster: podsecuritypolicy.policy/psp.flannel.unprivileged created
    kmaster: clusterrole.rbac.authorization.k8s.io/flannel created
    kmaster: clusterrolebinding.rbac.authorization.k8s.io/flannel created
    kmaster: serviceaccount/flannel created
    kmaster: configmap/kube-flannel-cfg created
    kmaster: daemonset.apps/kube-flannel-ds created
    kmaster: waiting for node kmaster condition=Ready
    kmaster: node/kmaster condition met
    kmaster: --2022-02-01 11:01:53--  https://raw.githubusercontent.com/abcdesktopio/conf/main/kubernetes/abcdesktop-bastion.yaml
    kmaster: Resolving raw.githubusercontent.com (raw.githubusercontent.com)... 
    kmaster: 185.199.109.133
    kmaster: , 
    kmaster: 185.199.110.133
    kmaster: , 
    kmaster: 185.199.111.133
    kmaster: , ...
    kmaster: Connecting to raw.githubusercontent.com (raw.githubusercontent.com)|185.199.109.133|:443... 
    kmaster: connected.
    kmaster: HTTP request sent, awaiting response... 
    kmaster: 200 OK
    kmaster: Length: 
    kmaster: 54596
    kmaster:  (53K)
    kmaster:  [text/plain]
    kmaster: Saving to: ‘abcdesktop.yaml’
    kmaster: 
    kmaster:      0K
    kmaster:  
    kmaster: .
    kmaster: .
    kmaster: .
    kmaster: .
    kmaster: .
    kmaster: .
    kmaster: .
    kmaster: .
    kmaster: .
    kmaster: .
    kmaster:  
    kmaster: .
    kmaster: .
    kmaster: .
    kmaster: .
    kmaster: .
    kmaster: .
    kmaster: .
    kmaster: .
    kmaster: .
    kmaster: .
    kmaster:  
    kmaster: .
    kmaster: .
    kmaster: .
    kmaster: .
    kmaster: .
    kmaster: .
    kmaster: .
    kmaster: .
    kmaster: .
    kmaster: .
    kmaster:  
    kmaster: .
    kmaster: .
    kmaster: .
    kmaster: .
    kmaster: .
    kmaster: .
    kmaster: .
    kmaster: .
    kmaster: .
    kmaster: .
    kmaster:  
    kmaster: .
    kmaster: .
    kmaster: .
    kmaster: .
    kmaster: .
    kmaster: .
    kmaster: .
    kmaster: .
    kmaster: .
    kmaster: .
    kmaster:  93%
    kmaster:  4.11M
    kmaster:  0s
    kmaster: 
    kmaster:     50K
    kmaster:  
    kmaster: .
    kmaster: .
    kmaster: .
    kmaster:  
    kmaster:  
    kmaster:  
    kmaster:  
    kmaster:  
    kmaster:  
    kmaster:  
    kmaster:  
    kmaster:  
    kmaster:  
    kmaster:  
    kmaster:  
    kmaster:  
    kmaster:  
    kmaster:  
    kmaster:  
    kmaster:                                    100% 2.15M=0.01s
    kmaster: 
    kmaster: 2022-02-01 11:01:53 (3.89 MB/s) - ‘abcdesktop.yaml’ saved [54596/54596]
    kmaster: This system's architecture is amd64
    kmaster: 'kubectl version' command was successful
    kmaster: 'openssl version' command was successful
    kmaster: namespace/abcdesktop created
    kmaster: 'kubectl create namespace abcdesktop' command was successful
    kmaster: Generating RSA private key, 1024 bit long modulus (2 primes)
    kmaster: .
    kmaster: .
    kmaster: .
    kmaster: .
    kmaster: .
    kmaster: .
    kmaster: .
    kmaster: .
    kmaster: .
    kmaster: .
    kmaster: .
    kmaster: .
    kmaster: .
    kmaster: .
    kmaster: .
    kmaster: .
    kmaster: .
    kmaster: .
    kmaster: .
    kmaster: ..
    kmaster: .
    kmaster: +
    kmaster: +
    kmaster: +
    kmaster: +
    kmaster: +
    kmaster: .
    kmaster: .
    kmaster: +
    kmaster: +
    kmaster: +
    kmaster: +
    kmaster: +
    kmaster: e is 65537 (0x010001)
    kmaster: writing RSA key
    kmaster: writing RSA key
    kmaster: Generating RSA private key, 1024 bit long modulus (2 primes)
    kmaster: .
    kmaster: .
    kmaster: .
    kmaster: .
    kmaster: .
    kmaster: .
    kmaster: .
    kmaster: .
    kmaster: +
    kmaster: +
    kmaster: +++
    kmaster: .
    kmaster: .
    kmaster: .
    kmaster: .
    kmaster: .
    kmaster: .
    kmaster: .
    kmaster: .
    kmaster: .
    kmaster: .
    kmaster: .
    kmaster: .
    kmaster: .
    kmaster: .
    kmaster: +
    kmaster: +
    kmaster: ++
    kmaster: +
    kmaster: e is 65537 (0x010001)
    kmaster: writing RSA key
    kmaster: Generating RSA private key, 1024 bit long modulus (2 primes)
    kmaster: .
    kmaster: .
    kmaster: .
    kmaster: .
    kmaster: .
    kmaster: .
    kmaster: .
    kmaster: .
    kmaster: .
    kmaster: .
    kmaster: .
    kmaster: .+
    kmaster: +
    kmaster: +
    kmaster: +
    kmaster: +
    kmaster: .
    kmaster: .
    kmaster: .
    kmaster: .
    kmaster: .
    kmaster: .
    kmaster: .
    kmaster: .
    kmaster: .
    kmaster: .
    kmaster: .
    kmaster: .
    kmaster: .
    kmaster: .
    kmaster: .
    kmaster: .
    kmaster: .
    kmaster: .
    kmaster: .
    kmaster: .
    kmaster: .
    kmaster: .
    kmaster: .
    kmaster: .
    kmaster: .
    kmaster: .
    kmaster: .
    kmaster: .
    kmaster: .
    kmaster: .
    kmaster: .
    kmaster: .
    kmaster: +
    kmaster: +
    kmaster: +
    kmaster: +
    kmaster: +
    kmaster: e is 65537 (0x010001)
    kmaster: writing RSA key
    kmaster: secret/abcdesktopjwtdesktoppayload created
    kmaster: secret/abcdesktopjwtdesktopsigning created
    kmaster: secret/abcdesktopjwtusersigning created
    kmaster: ####################################################################
    kmaster: #
    kmaster: # This script is pulling container images from docker registry
    kmaster: # It's a good time for a coffee break...
    kmaster: #
    kmaster: ####################################################################
    kmaster: pulling tagged image dev
    kmaster: Start pulling images with tag:dev
    kmaster: pulling graphical container image
    kmaster: dev: 
    kmaster: Pulling from abcdesktopio/oc.user.ssh.18.04
    kmaster: 284055322776: 
    kmaster: Pulling fs layer
    kmaster: 3d662ab3a99c: 
    kmaster: Pulling fs layer
    kmaster: 0fee4bfdcd12: 
    kmaster: Pulling fs layer
    kmaster: 585c532ee812: 
    kmaster: Pulling fs layer
    kmaster: 49c3bb99d233: 
    kmaster: Pulling fs layer
    kmaster: fcbff8e76ee0: 
    kmaster: Pulling fs layer
    kmaster: ed0c482af685: 
    kmaster: Pulling fs layer
    kmaster: f89205a6e97a: 
    kmaster: Pulling fs layer
    kmaster: d2e2b4dcee88: 
    kmaster: Pulling fs layer
    kmaster: 3675342db269: 
    kmaster: Pulling fs layer
    kmaster: 54604072b546: 
    kmaster: Pulling fs layer
    kmaster: 12937919f845: 
    kmaster: Pulling fs layer
    kmaster: 11c8913dd45d: 
    kmaster: Pulling fs layer
    kmaster: a398a4a0ab4f: 
    kmaster: Pulling fs layer
    kmaster: 4b9bb06d3271: 
    kmaster: Pulling fs layer
    kmaster: 49de8b074d90: 
    kmaster: Pulling fs layer
    kmaster: 8bbf7312e321: 
    kmaster: Pulling fs layer
    kmaster: f7e16f220aa6: 
    kmaster: Pulling fs layer
    kmaster: cf926ec6579e: 
    kmaster: Pulling fs layer
    kmaster: 525d6d0d6bef: 
    kmaster: Pulling fs layer
    kmaster: 0e53835e1060: 
    kmaster: Pulling fs layer
    kmaster: 001c6c8c91c1: 
    kmaster: Pulling fs layer
    kmaster: 03b783572eae: 
    kmaster: Pulling fs layer
    kmaster: e1aa8592df8c: 
    kmaster: Pulling fs layer
    kmaster: d3c8310a790b: 
    kmaster: Pulling fs layer
    kmaster: 3001cc86a9b6: 
    kmaster: Pulling fs layer
    kmaster: 14dedda8788e: 
    kmaster: Pulling fs layer
    kmaster: 291ad0567fa3: 
    kmaster: Pulling fs layer
    kmaster: 2add85d5c2e7: 
    kmaster: Pulling fs layer
    kmaster: 752ef7468d7b: 
    kmaster: Pulling fs layer
    kmaster: ed28c456e4ee: 
    kmaster: Pulling fs layer
    kmaster: 41bf6883aaf3: 
    kmaster: Pulling fs layer
    kmaster: b8d68bc242ba: 
    kmaster: Pulling fs layer
    kmaster: 96888835caf7: 
    kmaster: Pulling fs layer
    kmaster: 7a74811a7a2a: 
    kmaster: Pulling fs layer
    kmaster: 4563328b5bea: 
    kmaster: Pulling fs layer
    kmaster: cc8fe8ecdf05: 
    kmaster: Pulling fs layer
    kmaster: 89ab03eb7ba8: 
    kmaster: Pulling fs layer
    kmaster: 7d3e2e16a0bd: 
    kmaster: Pulling fs layer
    kmaster: 8f29837b20ae: 
    kmaster: Pulling fs layer
    kmaster: db646c9e0e9e: 
    kmaster: Pulling fs layer
    kmaster: 4207f69e13b7: 
    kmaster: Pulling fs layer
    kmaster: 1ea2d3da1344: 
    kmaster: Pulling fs layer
    kmaster: 0f01d5c5503c: 
    kmaster: Pulling fs layer
    kmaster: 49c3bb99d233: 
    kmaster: Waiting
    kmaster: fcbff8e76ee0: 
    kmaster: Waiting
    kmaster: ed0c482af685: 
    kmaster: Waiting
    kmaster: f89205a6e97a: 
    kmaster: Waiting
    kmaster: d2e2b4dcee88: 
    kmaster: Waiting
    kmaster: 3675342db269: 
    kmaster: Waiting
    kmaster: 54604072b546: 
    kmaster: Waiting
    kmaster: 12937919f845: 
    kmaster: Waiting
    kmaster: 11c8913dd45d: 
    kmaster: Waiting
    kmaster: 585c532ee812: 
    kmaster: Waiting
    kmaster: a398a4a0ab4f: 
    kmaster: Waiting
    kmaster: 4b9bb06d3271: 
    kmaster: Waiting
    kmaster: 49de8b074d90: 
    kmaster: Waiting
    kmaster: 8bbf7312e321: 
    kmaster: Waiting
    kmaster: f7e16f220aa6: 
    kmaster: Waiting
    kmaster: 96888835caf7: 
    kmaster: Waiting
    kmaster: 7a74811a7a2a: 
    kmaster: Waiting
    kmaster: cf926ec6579e: 
    kmaster: Waiting
    kmaster: 525d6d0d6bef: 
    kmaster: Waiting
    kmaster: 4563328b5bea: 
    kmaster: Waiting
    kmaster: 0e53835e1060: 
    kmaster: Waiting
    kmaster: 001c6c8c91c1: 
    kmaster: Waiting
    kmaster: cc8fe8ecdf05: 
    kmaster: Waiting
    kmaster: 03b783572eae: 
    kmaster: Waiting
    kmaster: 89ab03eb7ba8: 
    kmaster: Waiting
    kmaster: 7d3e2e16a0bd: 
    kmaster: Waiting
    kmaster: 8f29837b20ae: 
    kmaster: Waiting
    kmaster: db646c9e0e9e: 
    kmaster: Waiting
    kmaster: 4207f69e13b7: Waiting
    kmaster: 1ea2d3da1344: Waiting
    kmaster: 0f01d5c5503c: Waiting
    kmaster: e1aa8592df8c: Waiting
    kmaster: d3c8310a790b: Waiting
    kmaster: 3001cc86a9b6: Waiting
    kmaster: 14dedda8788e: Waiting
    kmaster: 291ad0567fa3: Waiting
    kmaster: 2add85d5c2e7: Waiting
    kmaster: 752ef7468d7b: Waiting
    kmaster: ed28c456e4ee: Waiting
    kmaster: b8d68bc242ba: 
    kmaster: Waiting
    kmaster: 41bf6883aaf3: Waiting
    kmaster: 3d662ab3a99c: Download complete
    kmaster: 0fee4bfdcd12: Verifying Checksum
    kmaster: 0fee4bfdcd12: Download complete
    kmaster: 284055322776: Verifying Checksum
    kmaster: 284055322776: Download complete
    kmaster: 585c532ee812: Verifying Checksum
    kmaster: 585c532ee812: Download complete
    kmaster: fcbff8e76ee0: Verifying Checksum
    kmaster: fcbff8e76ee0: Download complete
    kmaster: 49c3bb99d233: Verifying Checksum
    kmaster: 49c3bb99d233: Download complete
    kmaster: d2e2b4dcee88: Verifying Checksum
    kmaster: d2e2b4dcee88: Download complete
    kmaster: ed0c482af685: Verifying Checksum
    kmaster: ed0c482af685: Download complete
    kmaster: f89205a6e97a: Verifying Checksum
    kmaster: f89205a6e97a: Download complete
    kmaster: 3675342db269: Verifying Checksum
    kmaster: 3675342db269: Download complete
    kmaster: 284055322776: Pull complete
    kmaster: 54604072b546: Verifying Checksum
    kmaster: 54604072b546: Download complete
    kmaster: 12937919f845: Verifying Checksum
    kmaster: 12937919f845: Download complete
    kmaster: 3d662ab3a99c: Pull complete
    kmaster: 11c8913dd45d: Download complete
    kmaster: a398a4a0ab4f: Verifying Checksum
    kmaster: a398a4a0ab4f: Download complete
    kmaster: 4b9bb06d3271: Verifying Checksum
    kmaster: 4b9bb06d3271: Download complete
    kmaster: 49de8b074d90: Verifying Checksum
    kmaster: 49de8b074d90: Download complete
    kmaster: 8bbf7312e321: Verifying Checksum
    kmaster: 8bbf7312e321: Download complete
    kmaster: f7e16f220aa6: Verifying Checksum
    kmaster: f7e16f220aa6: Download complete
    kmaster: cf926ec6579e: Verifying Checksum
    kmaster: cf926ec6579e: Download complete
    kmaster: 525d6d0d6bef: Verifying Checksum
    kmaster: 525d6d0d6bef: Download complete
    kmaster: 0e53835e1060: Verifying Checksum
    kmaster: 0e53835e1060: Download complete
    kmaster: 03b783572eae: Download complete
    kmaster: 0fee4bfdcd12: Pull complete
    kmaster: e1aa8592df8c: Verifying Checksum
    kmaster: e1aa8592df8c: Download complete
    kmaster: 001c6c8c91c1: Verifying Checksum
    kmaster: 001c6c8c91c1: Download complete
    kmaster: 585c532ee812: Pull complete
    kmaster: d3c8310a790b: Verifying Checksum
    kmaster: d3c8310a790b: Download complete
    kmaster: 291ad0567fa3: Verifying Checksum
    kmaster: 291ad0567fa3: Download complete
    kmaster: 14dedda8788e: Verifying Checksum
    kmaster: 14dedda8788e: Download complete
    kmaster: 752ef7468d7b: Verifying Checksum
    kmaster: 752ef7468d7b: Download complete
    kmaster: 3001cc86a9b6: Verifying Checksum
    kmaster: 3001cc86a9b6: Download complete
    kmaster: 41bf6883aaf3: Verifying Checksum
    kmaster: 41bf6883aaf3: Download complete
    kmaster: ed28c456e4ee: Verifying Checksum
    kmaster: ed28c456e4ee: Download complete
    kmaster: b8d68bc242ba: Verifying Checksum
    kmaster: b8d68bc242ba: Download complete
    kmaster: 96888835caf7: Verifying Checksum
    kmaster: 96888835caf7: Download complete
    kmaster: 2add85d5c2e7: Verifying Checksum
    kmaster: 2add85d5c2e7: Download complete
    kmaster: 7a74811a7a2a: Verifying Checksum
    kmaster: 7a74811a7a2a: Download complete
    kmaster: 4563328b5bea: Verifying Checksum
    kmaster: 4563328b5bea: Download complete
    kmaster: cc8fe8ecdf05: Verifying Checksum
    kmaster: cc8fe8ecdf05: Download complete
    kmaster: 89ab03eb7ba8: Verifying Checksum
    kmaster: 89ab03eb7ba8: Download complete
    kmaster: 8f29837b20ae: Verifying Checksum
    kmaster: 8f29837b20ae: Download complete
    kmaster: 7d3e2e16a0bd: Verifying Checksum
    kmaster: 7d3e2e16a0bd: Download complete
    kmaster: 49c3bb99d233: Pull complete
    kmaster: db646c9e0e9e: Verifying Checksum
    kmaster: db646c9e0e9e: Download complete
    kmaster: 4207f69e13b7: Verifying Checksum
    kmaster: 4207f69e13b7: Download complete
    kmaster: fcbff8e76ee0: Pull complete
    kmaster: 1ea2d3da1344: Verifying Checksum
    kmaster: 1ea2d3da1344: Download complete
    kmaster: 0f01d5c5503c: Verifying Checksum
    kmaster: 0f01d5c5503c: Download complete
    kmaster: ed0c482af685: Pull complete
    kmaster: f89205a6e97a: Pull complete
    kmaster: d2e2b4dcee88: Pull complete
    kmaster: 3675342db269: Pull complete
    kmaster: 54604072b546: Pull complete
    kmaster: 12937919f845: Pull complete
    kmaster: 11c8913dd45d: Pull complete
    kmaster: a398a4a0ab4f: Pull complete
    kmaster: 4b9bb06d3271: Pull complete
    kmaster: 49de8b074d90: Pull complete
    kmaster: 8bbf7312e321: Pull complete
    kmaster: f7e16f220aa6: Pull complete
    kmaster: cf926ec6579e: Pull complete
    kmaster: 525d6d0d6bef: Pull complete
    kmaster: 0e53835e1060: Pull complete
    kmaster: 001c6c8c91c1: Pull complete
    kmaster: 03b783572eae: Pull complete
    kmaster: e1aa8592df8c: Pull complete
    kmaster: d3c8310a790b: Pull complete
    kmaster: 3001cc86a9b6: Pull complete
    kmaster: 14dedda8788e: Pull complete
    kmaster: 291ad0567fa3: Pull complete
    kmaster: 2add85d5c2e7: Pull complete
    kmaster: 752ef7468d7b: Pull complete
    kmaster: ed28c456e4ee: Pull complete
    kmaster: 41bf6883aaf3: Pull complete
    kmaster: b8d68bc242ba: Pull complete
    kmaster: 96888835caf7: Pull complete
    kmaster: 7a74811a7a2a: Pull complete
    kmaster: 4563328b5bea: Pull complete
    kmaster: cc8fe8ecdf05: Pull complete
    kmaster: 89ab03eb7ba8: Pull complete
    kmaster: 7d3e2e16a0bd: Pull complete
    kmaster: 8f29837b20ae: Pull complete
    kmaster: db646c9e0e9e: Pull complete
    kmaster: 4207f69e13b7: Pull complete
    kmaster: 1ea2d3da1344: Pull complete
    kmaster: 0f01d5c5503c: Pull complete
    kmaster: Digest: sha256:5ec274e19333fbec50d004483a2e582608533111288fd8ff279551a59d783675
    kmaster: Status: Downloaded newer image for abcdesktopio/oc.user.ssh.18.04:dev
    kmaster: docker.io/abcdesktopio/oc.user.ssh.18.04:dev
    kmaster: pulling printer container image
    kmaster: dev: Pulling from abcdesktopio/oc.cupsd.18.04
    kmaster: e4ca327ec0e7: 
    kmaster: Pulling fs layer
    kmaster: 99bcdbac23db: 
    kmaster: Pulling fs layer
    kmaster: 75a0f93a08f2: 
    kmaster: Pulling fs layer
    kmaster: 822c77466f0e: 
    kmaster: Pulling fs layer
    kmaster: d8a2a144474d: 
    kmaster: Pulling fs layer
    kmaster: 1f01bb33a888: 
    kmaster: Pulling fs layer
    kmaster: c07280fcf1aa: 
    kmaster: Pulling fs layer
    kmaster: fbabbe619a2f: 
    kmaster: Pulling fs layer
    kmaster: a545f5951b5e: 
    kmaster: Pulling fs layer
    kmaster: ffdf2089d3be: 
    kmaster: Pulling fs layer
    kmaster: 5057434125ad: 
    kmaster: Pulling fs layer
    kmaster: d4726c50f74d: 
    kmaster: Pulling fs layer
    kmaster: aec6aeaeea9b: 
    kmaster: Pulling fs layer
    kmaster: 1e35641bdc36: 
    kmaster: Pulling fs layer
    kmaster: ec1afd0ebe66: 
    kmaster: Pulling fs layer
    kmaster: d8a2a144474d: 
    kmaster: Waiting
    kmaster: 1f01bb33a888: 
    kmaster: Waiting
    kmaster: c07280fcf1aa: 
    kmaster: Waiting
    kmaster: fbabbe619a2f: 
    kmaster: Waiting
    kmaster: a545f5951b5e: 
    kmaster: Waiting
    kmaster: ffdf2089d3be: 
    kmaster: Waiting
    kmaster: 5057434125ad: 
    kmaster: Waiting
    kmaster: d4726c50f74d: 
    kmaster: Waiting
    kmaster: aec6aeaeea9b: 
    kmaster: Waiting
    kmaster: 1e35641bdc36: 
    kmaster: Waiting
    kmaster: ec1afd0ebe66: 
    kmaster: Waiting
    kmaster: 822c77466f0e: 
    kmaster: Waiting
    kmaster: e4ca327ec0e7: 
    kmaster: Verifying Checksum
    kmaster: e4ca327ec0e7: 
    kmaster: Download complete
    kmaster: 75a0f93a08f2: 
    kmaster: Verifying Checksum
    kmaster: 75a0f93a08f2: 
    kmaster: Download complete
    kmaster: 822c77466f0e: 
    kmaster: Verifying Checksum
    kmaster: 822c77466f0e: 
    kmaster: Download complete
    kmaster: 1f01bb33a888: 
    kmaster: Verifying Checksum
    kmaster: 1f01bb33a888: 
    kmaster: Download complete
    kmaster: d8a2a144474d: 
    kmaster: Verifying Checksum
    kmaster: d8a2a144474d: 
    kmaster: Download complete
    kmaster: c07280fcf1aa: 
    kmaster: Verifying Checksum
    kmaster: c07280fcf1aa: 
    kmaster: Download complete
    kmaster: 99bcdbac23db: 
    kmaster: Verifying Checksum
    kmaster: 99bcdbac23db: 
    kmaster: Download complete
    kmaster: fbabbe619a2f: 
    kmaster: Verifying Checksum
    kmaster: fbabbe619a2f: 
    kmaster: Download complete
    kmaster: e4ca327ec0e7: 
    kmaster: Pull complete
    kmaster: a545f5951b5e: 
    kmaster: Verifying Checksum
    kmaster: a545f5951b5e: 
    kmaster: Download complete
    kmaster: ffdf2089d3be: 
    kmaster: Verifying Checksum
    kmaster: ffdf2089d3be: 
    kmaster: Download complete
    kmaster: 5057434125ad: 
    kmaster: Verifying Checksum
    kmaster: 5057434125ad: 
    kmaster: Download complete
    kmaster: d4726c50f74d: 
    kmaster: Verifying Checksum
    kmaster: d4726c50f74d: 
    kmaster: Download complete
    kmaster: aec6aeaeea9b: 
    kmaster: Verifying Checksum
    kmaster: aec6aeaeea9b: 
    kmaster: Download complete
    kmaster: 1e35641bdc36: 
    kmaster: Verifying Checksum
    kmaster: 1e35641bdc36: 
    kmaster: Download complete
    kmaster: ec1afd0ebe66: 
    kmaster: Verifying Checksum
    kmaster: ec1afd0ebe66: 
    kmaster: Download complete
    kmaster: 99bcdbac23db: Pull complete
    kmaster: 75a0f93a08f2: Pull complete
    kmaster: 822c77466f0e: Pull complete
    kmaster: d8a2a144474d: Pull complete
    kmaster: 1f01bb33a888: Pull complete
    kmaster: c07280fcf1aa: Pull complete
    kmaster: fbabbe619a2f: Pull complete
    kmaster: a545f5951b5e: Pull complete
    kmaster: ffdf2089d3be: Pull complete
    kmaster: 5057434125ad: Pull complete
    kmaster: d4726c50f74d: 
    kmaster: Pull complete
    kmaster: aec6aeaeea9b: 
    kmaster: Pull complete
    kmaster: 1e35641bdc36: 
    kmaster: Pull complete
    kmaster: ec1afd0ebe66: Pull complete
    kmaster: Digest: sha256:cede6613fb7ab15f8a7cd5a49fc771421f063949ec56686e97ce31024274f086
    kmaster: Status: Downloaded newer image for abcdesktopio/oc.cupsd.18.04:dev
    kmaster: docker.io/abcdesktopio/oc.cupsd.18.04:dev
    kmaster: pulling sound container image
    kmaster: dev: Pulling from abcdesktopio/oc.pulseaudio.18.04
    kmaster: 284055322776: 
    kmaster: Already exists
    kmaster: 023172e458de: 
    kmaster: Pulling fs layer
    kmaster: 8031d51fe14e: 
    kmaster: Pulling fs layer
    kmaster: bb8791661e73: 
    kmaster: Pulling fs layer
    kmaster: 3bbabf562d81: 
    kmaster: Pulling fs layer
    kmaster: 0d675e3ee169: 
    kmaster: Pulling fs layer
    kmaster: d4dea4ec1b28: 
    kmaster: Pulling fs layer
    kmaster: 10e96ef6b539: 
    kmaster: Pulling fs layer
    kmaster: 53e789ebbc77: 
    kmaster: Pulling fs layer
    kmaster: 3495ab0933c6: 
    kmaster: Pulling fs layer
    kmaster: 3bbabf562d81: 
    kmaster: Waiting
    kmaster: 0d675e3ee169: 
    kmaster: Waiting
    kmaster: d4dea4ec1b28: 
    kmaster: Waiting
    kmaster: 10e96ef6b539: 
    kmaster: Waiting
    kmaster: 53e789ebbc77: 
    kmaster: Waiting
    kmaster: 3495ab0933c6: 
    kmaster: Waiting
    kmaster: bb8791661e73: Verifying Checksum
    kmaster: bb8791661e73: Download complete
    kmaster: 023172e458de: Verifying Checksum
    kmaster: 023172e458de: Download complete
    kmaster: 023172e458de: Pull complete
    kmaster: 3bbabf562d81: Download complete
    kmaster: 0d675e3ee169: Verifying Checksum
    kmaster: 0d675e3ee169: Download complete
    kmaster: 8031d51fe14e: Download complete
    kmaster: d4dea4ec1b28: Verifying Checksum
    kmaster: d4dea4ec1b28: Download complete
    kmaster: 10e96ef6b539: Verifying Checksum
    kmaster: 10e96ef6b539: Download complete
    kmaster: 53e789ebbc77: Download complete
    kmaster: 3495ab0933c6: Verifying Checksum
    kmaster: 3495ab0933c6: Download complete
    kmaster: 8031d51fe14e: Pull complete
    kmaster: bb8791661e73: Pull complete
    kmaster: 3bbabf562d81: Pull complete
    kmaster: 0d675e3ee169: Pull complete
    kmaster: d4dea4ec1b28: Pull complete
    kmaster: 10e96ef6b539: Pull complete
    kmaster: 53e789ebbc77: Pull complete
    kmaster: 3495ab0933c6: 
    kmaster: Pull complete
    kmaster: Digest: sha256:3d5dfd34468f1644a50155ac9b838496aed164f0ab67d32d0c0ae5ab3c564289
    kmaster: Status: Downloaded newer image for abcdesktopio/oc.pulseaudio.18.04:dev
    kmaster: docker.io/abcdesktopio/oc.pulseaudio.18.04:dev
    kmaster: do not pull images option detected
    kmaster: skipping image abcdesktopio/writer.d:dev
    kmaster: skipping image abcdesktopio/calc.d:dev
    kmaster: skipping image abcdesktopio/impress.d:dev
    kmaster: skipping image abcdesktopio/firefox.d:dev
    kmaster: skipping image abcdesktopio/gimp.d:dev
    kmaster: Use TAG=dev for abcdesktop
    kmaster: kubernetes use local directory abcdesktop.yaml file
    kmaster: kubectl create -f abcdesktop.yaml
    kmaster: clusterrole.rbac.authorization.k8s.io/pyos-role created
    kmaster: clusterrolebinding.rbac.authorization.k8s.io/pyos-rbac created
    kmaster: serviceaccount/pyos-serviceaccount created
    kmaster: storageclass.storage.k8s.io/storage-local-abcdesktop created
    kmaster: persistentvolume/pv-volume-home-directory created
    kmaster: persistentvolumeclaim/persistentvolumeclaim-home-directory created
    kmaster: configmap/abcdesktop-config created
    kmaster: configmap/nginx-config created
    kmaster: deployment.apps/memcached-od created
    kmaster: secret/mongodb-secret created
    kmaster: deployment.apps/mongodb-od created
    kmaster: daemonset.apps/daemonset-nginx created
    kmaster: deployment.apps/speedtest-od created
    kmaster: daemonset.apps/daemonset-pyos created
    kmaster: endpoints/desktop created
    kmaster: service/desktop created
    kmaster: service/memcached created
    kmaster: service/mongodb created
    kmaster: service/speedtest created
    kmaster: service/nginx created
    kmaster: service/pyos created
    kmaster: deployment.apps/openldap-od created
    kmaster: service/openldap created
    kmaster: kubectl create -f abcdesktop.yaml command was successful
    kmaster: waiting for deployment/memcached-od available
    kmaster: deployment.apps/memcached-od condition met
    kmaster: waiting for deployment/mongodb-od available
    kmaster: deployment.apps/mongodb-od condition met
    kmaster: waiting for deployment/openldap-od available
    kmaster: deployment.apps/openldap-od condition met
    kmaster: waiting for deployment/speedtest-od available
    kmaster: deployment.apps/speedtest-od condition met
    kmaster: waiting for pod/daemonset-nginx-zkssw Ready
    kmaster: pod/daemonset-nginx-zkssw condition met
    kmaster: waiting for pod/daemonset-pyos-2wkzw Ready
    kmaster: pod/daemonset-pyos-2wkzw condition met
    kmaster: waiting for pod/memcached-od-78578c879-2dfqq Ready
    kmaster: pod/memcached-od-78578c879-2dfqq condition met
    kmaster: waiting for pod/mongodb-od-6568f85897-qvlms Ready
    kmaster: pod/mongodb-od-6568f85897-qvlms condition met
    kmaster: waiting for pod/openldap-od-558f7959d5-r428n Ready
    kmaster: pod/openldap-od-558f7959d5-r428n condition met
    kmaster: waiting for pod/speedtest-od-76d578578d-pxtdl Ready
    kmaster: pod/speedtest-od-76d578578d-pxtdl condition met
    kmaster: NAME                            READY   STATUS    RESTARTS   AGE
    kmaster: daemonset-nginx-zkssw           1/1     Running   0          101s
    kmaster: daemonset-pyos-2wkzw            1/1     Running   0          101s
    kmaster: memcached-od-78578c879-2dfqq    1/1     Running   0          101s
    kmaster: mongodb-od-6568f85897-qvlms     1/1     Running   0          101s
    kmaster: openldap-od-558f7959d5-r428n    1/1     Running   0          101s
    kmaster: speedtest-od-76d578578d-pxtdl   1/1     Running   0          101s
    kmaster: Setup done
    kmaster: Open your navigator to http://[your-ip-hostname]:30443/
    kmaster: For example http://localhost:30443
    kmaster: customresourcedefinition.apiextensions.k8s.io/network-attachment-definitions.k8s.cni.cncf.io created
    kmaster: clusterrole.rbac.authorization.k8s.io/multus created
    kmaster: clusterrolebinding.rbac.authorization.k8s.io/multus created
    kmaster: serviceaccount/multus created
    kmaster: configmap/multus-cni-config created
    kmaster: daemonset.apps/kube-multus-ds created
    kmaster: waiting for daemonset/kube-multus-ds
    kmaster: Waiting for daemon set "kube-multus-ds" rollout to finish: 0 of 1 updated pods are available...
    kmaster: daemon set "kube-multus-ds" successfully rolled out
    kmaster: networkattachmentdefinition.k8s.cni.cncf.io/macvlan-conf-eth2 created
    kmaster: networkattachmentdefinition.k8s.cni.cncf.io/macvlan-conf-eth3 created
    kmaster: NAME                AGE
    kmaster: macvlan-conf-eth2   1s
    kmaster: macvlan-conf-eth3   0s
    kmaster: customresourcedefinition.apiextensions.k8s.io/multi-networkpolicies.k8s.cni.cncf.io created
    kmaster: clusterrole.rbac.authorization.k8s.io/multi-networkpolicy created
    kmaster: clusterrolebinding.rbac.authorization.k8s.io/multi-networkpolicy created
    kmaster: serviceaccount/multi-networkpolicy created
    kmaster: daemonset.apps/multi-networkpolicy-ds-amd64 created
    kmaster: waiting for daemonset/multi-networkpolicy-ds-amd64
    kmaster: Waiting for daemon set "multi-networkpolicy-ds-amd64" rollout to finish: 0 of 1 updated pods are available...
    kmaster: daemon set "multi-networkpolicy-ds-amd64" successfully rolled out
    kmaster: multinetworkpolicy.k8s.cni.cncf.io/mnp-permit-shipcrew created
    kmaster: NAME                  AGE
    kmaster: mnp-permit-shipcrew   0s

